<?xml version="1.0" encoding="UTF-8"?>
<testng-results ignored="0" total="8" passed="7" failed="1" skipped="0">
  <reporter-output>
  </reporter-output>
  <suite started-at="2026-01-18T23:43:36 EET" name="Asset Technical Task Suite" finished-at="2026-01-18T23:44:42 EET" duration-ms="65536">
    <groups>
    </groups>
    <test started-at="2026-01-18T23:43:36 EET" name="Scenario Tests" finished-at="2026-01-18T23:44:42 EET" duration-ms="65536">
      <class name="Scenario2Tests">
        <test-method is-config="true" signature="setUpBrowser()[pri:0, instance:Scenario2Tests@3e27aa33]" started-at="2026-01-18T23:43:57 EET" name="setUpBrowser" finished-at="2026-01-18T23:43:57 EET" duration-ms="550" status="PASS">
          <reporter-output>
          </reporter-output>
        </test-method> <!-- setUpBrowser -->
        <test-method signature="verifyItemsAddedToCartSuccessfully()[pri:1, instance:Scenario2Tests@3e27aa33]" started-at="2026-01-18T23:43:57 EET" name="verifyItemsAddedToCartSuccessfully" description="Verify items are added to cart successfully and calculated correctly" finished-at="2026-01-18T23:44:24 EET" duration-ms="26910" status="PASS">
          <reporter-output>
          </reporter-output>
        </test-method> <!-- verifyItemsAddedToCartSuccessfully -->
        <test-method is-config="true" signature="tearDownBrowser()[pri:0, instance:Scenario2Tests@3e27aa33]" started-at="2026-01-18T23:44:24 EET" name="tearDownBrowser" finished-at="2026-01-18T23:44:24 EET" duration-ms="264" status="PASS">
          <reporter-output>
          </reporter-output>
        </test-method> <!-- tearDownBrowser -->
      </class> <!-- Scenario2Tests -->
      <class name="Scenario1Tests">
        <test-method is-config="true" signature="setUpBrowser()[pri:0, instance:Scenario1Tests@48aca48b]" started-at="2026-01-18T23:43:36 EET" name="setUpBrowser" finished-at="2026-01-18T23:43:37 EET" duration-ms="838" status="PASS">
          <reporter-output>
          </reporter-output>
        </test-method> <!-- setUpBrowser -->
        <test-method signature="testSignInWithValidUnregisteredEmail()[pri:1, instance:Scenario1Tests@48aca48b]" started-at="2026-01-18T23:43:37 EET" name="testSignInWithValidUnregisteredEmail" description="Verify sign in with valid unregistered email shows appropriate message" finished-at="2026-01-18T23:43:43 EET" duration-ms="5559" status="PASS">
          <reporter-output>
          </reporter-output>
        </test-method> <!-- testSignInWithValidUnregisteredEmail -->
        <test-method is-config="true" signature="tearDownBrowser()[pri:0, instance:Scenario1Tests@48aca48b]" started-at="2026-01-18T23:43:43 EET" name="tearDownBrowser" finished-at="2026-01-18T23:43:43 EET" duration-ms="235" status="PASS">
          <reporter-output>
          </reporter-output>
        </test-method> <!-- tearDownBrowser -->
        <test-method is-config="true" signature="setUpBrowser()[pri:0, instance:Scenario1Tests@48aca48b]" started-at="2026-01-18T23:43:43 EET" name="setUpBrowser" finished-at="2026-01-18T23:43:44 EET" duration-ms="639" status="PASS">
          <reporter-output>
          </reporter-output>
        </test-method> <!-- setUpBrowser -->
        <test-method signature="testSignInWithInvalidEmail()[pri:2, instance:Scenario1Tests@48aca48b]" started-at="2026-01-18T23:43:44 EET" name="testSignInWithInvalidEmail" description="Verify sign in with invalid email shows appropriate error message" finished-at="2026-01-18T23:43:47 EET" duration-ms="3715" status="PASS">
          <reporter-output>
          </reporter-output>
        </test-method> <!-- testSignInWithInvalidEmail -->
        <test-method is-config="true" signature="tearDownBrowser()[pri:0, instance:Scenario1Tests@48aca48b]" started-at="2026-01-18T23:43:47 EET" name="tearDownBrowser" finished-at="2026-01-18T23:43:47 EET" duration-ms="183" status="PASS">
          <reporter-output>
          </reporter-output>
        </test-method> <!-- tearDownBrowser -->
        <test-method is-config="true" signature="setUpBrowser()[pri:0, instance:Scenario1Tests@48aca48b]" started-at="2026-01-18T23:43:47 EET" name="setUpBrowser" finished-at="2026-01-18T23:43:48 EET" duration-ms="619" status="PASS">
          <reporter-output>
          </reporter-output>
        </test-method> <!-- setUpBrowser -->
        <test-method signature="testSignInWithEmptyEmail()[pri:3, instance:Scenario1Tests@48aca48b]" started-at="2026-01-18T23:43:48 EET" name="testSignInWithEmptyEmail" description="Verify sign in with empty email" finished-at="2026-01-18T23:43:51 EET" duration-ms="3379" status="PASS">
          <reporter-output>
          </reporter-output>
        </test-method> <!-- testSignInWithEmptyEmail -->
        <test-method is-config="true" signature="tearDownBrowser()[pri:0, instance:Scenario1Tests@48aca48b]" started-at="2026-01-18T23:43:51 EET" name="tearDownBrowser" finished-at="2026-01-18T23:43:52 EET" duration-ms="182" status="PASS">
          <reporter-output>
          </reporter-output>
        </test-method> <!-- tearDownBrowser -->
        <test-method is-config="true" signature="setUpBrowser()[pri:0, instance:Scenario1Tests@48aca48b]" started-at="2026-01-18T23:43:52 EET" name="setUpBrowser" finished-at="2026-01-18T23:43:52 EET" duration-ms="619" status="PASS">
          <reporter-output>
          </reporter-output>
        </test-method> <!-- setUpBrowser -->
        <test-method signature="testToFailForScreenshot()[pri:4, instance:Scenario1Tests@48aca48b]" started-at="2026-01-18T23:43:52 EET" name="testToFailForScreenshot" description="just a test to fail in order to check screenshot utility" finished-at="2026-01-18T23:43:56 EET" duration-ms="4071" status="FAIL">
          <exception class="java.lang.AssertionError">
            <message>
              <![CDATA[The following asserts failed:
expected [This assertion is meant to fail] but found [Invalid email address]]]>
            </message>
            <full-stacktrace>
              <![CDATA[java.lang.AssertionError: The following asserts failed:
expected [This assertion is meant to fail] but found [Invalid email address]
at org.testng.asserts.SoftAssert.assertAll(SoftAssert.java:46)
at org.testng.asserts.SoftAssert.assertAll(SoftAssert.java:30)
at Scenario1Tests.testToFailForScreenshot(Scenario1Tests.java:73)
at java.base/jdk.internal.reflect.DirectMethodHandleAccessor.invoke(DirectMethodHandleAccessor.java:104)
at java.base/java.lang.reflect.Method.invoke(Method.java:565)
at org.testng.internal.invokers.MethodInvocationHelper.invokeMethod(MethodInvocationHelper.java:141)
at org.testng.internal.invokers.TestInvoker.invokeMethod(TestInvoker.java:687)
at org.testng.internal.invokers.TestInvoker.invokeTestMethod(TestInvoker.java:230)
at org.testng.internal.invokers.MethodRunner.runInSequence(MethodRunner.java:63)
at org.testng.internal.invokers.TestInvoker$MethodInvocationAgent.invoke(TestInvoker.java:995)
at org.testng.internal.invokers.TestInvoker.invokeTestMethods(TestInvoker.java:203)
at org.testng.internal.invokers.TestMethodWorker.invokeTestMethods(TestMethodWorker.java:154)
at org.testng.internal.invokers.TestMethodWorker.run(TestMethodWorker.java:134)
at java.base/java.util.ArrayList.forEach(ArrayList.java:1604)
at org.testng.TestRunner.privateRun(TestRunner.java:741)
at org.testng.TestRunner.run(TestRunner.java:616)
at org.testng.SuiteRunner.runTest(SuiteRunner.java:421)
at org.testng.SuiteRunner.runSequentially(SuiteRunner.java:413)
at org.testng.SuiteRunner.privateRun(SuiteRunner.java:373)
at org.testng.SuiteRunner.run(SuiteRunner.java:312)
at org.testng.SuiteRunnerWorker.runSuite(SuiteRunnerWorker.java:52)
at org.testng.SuiteRunnerWorker.run(SuiteRunnerWorker.java:95)
at org.testng.TestNG.runSuitesSequentially(TestNG.java:1274)
at org.testng.TestNG.runSuitesLocally(TestNG.java:1208)
at org.testng.TestNG.runSuites(TestNG.java:1112)
at org.testng.TestNG.run(TestNG.java:1079)
at com.intellij.rt.testng.IDEARemoteTestNG.run(IDEARemoteTestNG.java:65)
at com.intellij.rt.testng.RemoteTestNGStarter.main(RemoteTestNGStarter.java:105)
]]>
            </full-stacktrace>
          </exception> <!-- java.lang.AssertionError -->
          <reporter-output>
          </reporter-output>
        </test-method> <!-- testToFailForScreenshot -->
        <test-method is-config="true" signature="tearDownBrowser()[pri:0, instance:Scenario1Tests@48aca48b]" started-at="2026-01-18T23:43:56 EET" name="tearDownBrowser" finished-at="2026-01-18T23:43:57 EET" duration-ms="188" status="PASS">
          <reporter-output>
          </reporter-output>
        </test-method> <!-- tearDownBrowser -->
      </class> <!-- Scenario1Tests -->
      <class name="Scenario3Tests">
        <test-method is-config="true" signature="setUpBrowser()[pri:0, instance:Scenario3Tests@6d4d66d2]" started-at="2026-01-18T23:44:24 EET" name="setUpBrowser" finished-at="2026-01-18T23:44:25 EET" duration-ms="636" status="PASS">
          <reporter-output>
          </reporter-output>
        </test-method> <!-- setUpBrowser -->
        <test-method signature="verifyUserCannotSeeYourOrdersWithoutSigningIn()[pri:1, instance:Scenario3Tests@6d4d66d2]" started-at="2026-01-18T23:44:25 EET" name="verifyUserCannotSeeYourOrdersWithoutSigningIn" description="verify that user cannot see &#039;your orders&#039; page without signing in" finished-at="2026-01-18T23:44:29 EET" duration-ms="3906" status="PASS">
          <reporter-output>
          </reporter-output>
        </test-method> <!-- verifyUserCannotSeeYourOrdersWithoutSigningIn -->
        <test-method is-config="true" signature="tearDownBrowser()[pri:0, instance:Scenario3Tests@6d4d66d2]" started-at="2026-01-18T23:44:29 EET" name="tearDownBrowser" finished-at="2026-01-18T23:44:29 EET" duration-ms="200" status="PASS">
          <reporter-output>
          </reporter-output>
        </test-method> <!-- tearDownBrowser -->
        <test-method is-config="true" signature="setUpBrowser()[pri:0, instance:Scenario3Tests@6d4d66d2]" started-at="2026-01-18T23:44:29 EET" name="setUpBrowser" finished-at="2026-01-18T23:44:30 EET" duration-ms="603" status="PASS">
          <reporter-output>
          </reporter-output>
        </test-method> <!-- setUpBrowser -->
        <test-method signature="verifyUserCannotSeeYourAddressesWithoutSigningIn()[pri:2, instance:Scenario3Tests@6d4d66d2]" started-at="2026-01-18T23:44:30 EET" name="verifyUserCannotSeeYourAddressesWithoutSigningIn" description="verify that user cannot see &#039;your addresses&#039; page without signing in" finished-at="2026-01-18T23:44:35 EET" duration-ms="5235" status="PASS">
          <reporter-output>
          </reporter-output>
        </test-method> <!-- verifyUserCannotSeeYourAddressesWithoutSigningIn -->
        <test-method is-config="true" signature="tearDownBrowser()[pri:0, instance:Scenario3Tests@6d4d66d2]" started-at="2026-01-18T23:44:35 EET" name="tearDownBrowser" finished-at="2026-01-18T23:44:35 EET" duration-ms="196" status="PASS">
          <reporter-output>
          </reporter-output>
        </test-method> <!-- tearDownBrowser -->
        <test-method is-config="true" signature="setUpBrowser()[pri:0, instance:Scenario3Tests@6d4d66d2]" started-at="2026-01-18T23:44:35 EET" name="setUpBrowser" finished-at="2026-01-18T23:44:36 EET" duration-ms="552" status="PASS">
          <reporter-output>
          </reporter-output>
        </test-method> <!-- setUpBrowser -->
        <test-method signature="verifyUserCanSeeYourListsWithoutSigningIn()[pri:3, instance:Scenario3Tests@6d4d66d2]" started-at="2026-01-18T23:44:36 EET" name="verifyUserCanSeeYourListsWithoutSigningIn" description="verify that user can see &#039;your lists&#039; page without signing in" finished-at="2026-01-18T23:44:42 EET" duration-ms="5875" status="PASS">
          <reporter-output>
          </reporter-output>
        </test-method> <!-- verifyUserCanSeeYourListsWithoutSigningIn -->
        <test-method is-config="true" signature="tearDownBrowser()[pri:0, instance:Scenario3Tests@6d4d66d2]" started-at="2026-01-18T23:44:42 EET" name="tearDownBrowser" finished-at="2026-01-18T23:44:42 EET" duration-ms="203" status="PASS">
          <reporter-output>
          </reporter-output>
        </test-method> <!-- tearDownBrowser -->
      </class> <!-- Scenario3Tests -->
    </test> <!-- Scenario Tests -->
  </suite> <!-- Asset Technical Task Suite -->
</testng-results>
