<?xml version="1.0" encoding="UTF-8"?>
<!-- Generated by org.testng.reporters.JUnitReportReporter -->
<testsuite hostname="MAHMOUD" failures="0" tests="3" name="Scenario3Tests" time="17.406" errors="0" timestamp="2026-01-18T23:44:42 EET" skipped="0">
  <testcase classname="Scenario3Tests" name="verifyUserCannotSeeYourOrdersWithoutSigningIn" time="4.709"/>
  <testcase classname="Scenario3Tests" name="verifyUserCannotSeeYourAddressesWithoutSigningIn" time="6.067"/>
  <testcase classname="Scenario3Tests" name="verifyUserCanSeeYourListsWithoutSigningIn" time="6.630"/>
</testsuite> <!-- Scenario3Tests -->
