<?xml version="1.0" encoding="UTF-8"?>
<!-- Generated by org.testng.reporters.JUnitReportReporter -->
<testsuite hostname="MAHMOUD" failures="0" tests="3" name="Scenario3Tests" time="21.110" errors="0" timestamp="2026-01-18T20:45:59 EET" skipped="0">
  <testcase classname="Scenario3Tests" name="verifyUserCannotSeeYourOrdersWithoutSigningIn" time="7.900"/>
  <testcase classname="Scenario3Tests" name="verifyUserCannotSeeYourAddressesWithoutSigningIn" time="6.914"/>
  <testcase classname="Scenario3Tests" name="verifyUserCanSeeYourListsWithoutSigningIn" time="6.296"/>
</testsuite> <!-- Scenario3Tests -->
