<?xml version="1.0" encoding="UTF-8"?>
<!-- Generated by org.testng.reporters.JUnitReportReporter -->
<testsuite hostname="MAHMOUD" failures="0" tests="3" name="Scenario1Tests" time="32.687" errors="0" timestamp="2026-01-18T20:45:59 EET" skipped="0">
  <testcase classname="Scenario1Tests" name="testSignInWithValidUnregisteredEmail" time="5.083"/>
  <testcase classname="Scenario1Tests" name="testSignInWithInvalidEmail" time="3.704"/>
  <testcase classname="Scenario1Tests" name="testSignInWithEmptyEmail" time="23.900"/>
</testsuite> <!-- Scenario1Tests -->
