<?xml version="1.0" encoding="UTF-8"?>
<!-- Generated by org.testng.reporters.JUnitXMLReporter -->
<testsuite ignored="0" hostname="MAHMOUD" failures="0" tests="7" name="Scenario Tests" time="78.989" errors="0" timestamp="2026-01-18T20:45:59 EET">
  <testcase classname="Scenario1Tests" name="testSignInWithValidUnregisteredEmail" time="4.258"/>
  <testcase classname="Scenario1Tests" name="testSignInWithInvalidEmail" time="2.884"/>
  <testcase classname="Scenario1Tests" name="testSignInWithEmptyEmail" time="22.751"/>
  <testcase classname="Scenario2Tests" name="verifyItemsAddedToCartSuccessfully" time="24.204"/>
  <testcase classname="Scenario3Tests" name="verifyUserCannotSeeYourOrdersWithoutSigningIn" time="7.063"/>
  <testcase classname="Scenario3Tests" name="verifyUserCannotSeeYourAddressesWithoutSigningIn" time="6.175"/>
  <testcase classname="Scenario3Tests" name="verifyUserCanSeeYourListsWithoutSigningIn" time="5.509"/>
</testsuite> <!-- Scenario Tests -->
