<?xml version="1.0" encoding="UTF-8"?>
<!-- Generated by org.testng.reporters.JUnitXMLReporter -->
<testsuite ignored="0" hostname="MAHMOUD" failures="1" tests="8" name="Scenario Tests" time="65.536" errors="0" timestamp="2026-01-18T23:44:42 EET">
  <testcase classname="Scenario1Tests" name="testSignInWithValidUnregisteredEmail" time="5.559"/>
  <testcase classname="Scenario1Tests" name="testSignInWithInvalidEmail" time="3.715"/>
  <testcase classname="Scenario1Tests" name="testSignInWithEmptyEmail" time="3.379"/>
  <testcase classname="Scenario1Tests" name="testToFailForScreenshot" time="4.071">
    <failure type="java.lang.AssertionError" message="The following asserts failed:
	expected [This assertion is meant to fail] but found [Invalid email address]">
      <![CDATA[java.lang.AssertionError: The following asserts failed:
expected [This assertion is meant to fail] but found [Invalid email address]
at Scenario1Tests.testToFailForScreenshot(Scenario1Tests.java:73)
at java.base/java.util.ArrayList.forEach(ArrayList.java:1604)
at com.intellij.rt.testng.IDEARemoteTestNG.run(IDEARemoteTestNG.java:65)
at com.intellij.rt.testng.RemoteTestNGStarter.main(RemoteTestNGStarter.java:105)
... Removed 24 stack frames]]>
    </failure>
  </testcase> <!-- testToFailForScreenshot -->
  <testcase classname="Scenario2Tests" name="verifyItemsAddedToCartSuccessfully" time="26.91"/>
  <testcase classname="Scenario3Tests" name="verifyUserCannotSeeYourOrdersWithoutSigningIn" time="3.906"/>
  <testcase classname="Scenario3Tests" name="verifyUserCannotSeeYourAddressesWithoutSigningIn" time="5.235"/>
  <testcase classname="Scenario3Tests" name="verifyUserCanSeeYourListsWithoutSigningIn" time="5.875"/>
</testsuite> <!-- Scenario Tests -->
